<?xml version="1.0" encoding="UTF-8"?>
<testsuite name="za.fnb.connect.cashdespense.UserServiceTest" time="0.237" tests="2" errors="0" skipped="0" failures="0">
  <properties>
[...]
</properties>
  <testcase name="when_valid_parameters_expect_successful_user_authentication" classname="za.fnb.connect.cashdespense.UserServiceTest" time="0.228"/>
  <testcase name="when_valid_parameters_expect_successful_user_creation" classname="za.fnb.connect.cashdespense.UserServiceTest" time="0.009"/>
</testsuite>